19:33:36.152 > AT
19:33:36.157 > AT
19:33:36.457 > AT
19:33:36.461 > AT
19:33:36.760 > AT
19:33:36.765 > AT
19:33:37.049 > ets Jul 29 2019 12:21:46
19:33:37.049 > 
19:33:37.049 > rst:0x1 (POWERON_RESET),boot:0x13 (SPI_FAST_FLASH_BOOT)
19:33:37.054 > configsip: 0, SPIWP:0xee
19:33:37.057 > clk_drv:0x00,q_drv:0x00,d_drv:0x00,cs0_drv:0x00,hd_drv:0x00,wp_drv:0x00
19:33:37.063 > mode:DIO, clock div:2
19:33:37.065 > load:0x3fff0030,len:1184
19:33:37.068 > load:0x40078000,len:13232
19:33:37.071 > load:0x40080400,len:3028
19:33:37.071 > entry 0x400805e4
19:33:37.237 > Serial initialized!
19:33:37.237 > ENVIRONMENT
19:33:37.239 > -----------
19:33:37.239 > Device ID    : 1
19:33:37.242 > APN          : byu
19:33:37.242 > APN User     : 
19:33:37.244 > APN Password : 
19:33:37.244 > -----------
19:33:37.247 > GSM Serial initialized!
19:33:37.247 > GPS Serial initialized!
19:33:37.249 > AT
19:33:37.250 > AT
19:33:37.551 > AT
19:33:37.555 > AT
19:33:37.855 > AT
19:33:37.859 > AT
19:33:38.159 > AT
19:33:38.163 > AT
